<?xml version="1.0" encoding="utf-8" standalone="no"?>
<!--This file represents the results of running a test suite-->
<test-results name="D:\Git\streamers-tests\MailStreamersTest\bin\Release\EmailSender.dll" total="1" errors="1" failures="0" not-run="0" inconclusive="0" ignored="0" skipped="0" invalid="0" date="2014-11-18" time="13:45:39">
  <environment nunit-version="2.6.3.13283" clr-version="2.0.50727.5485" os-version="Microsoft Windows NT 6.1.7601 Service Pack 1" platform="Win32NT" cwd="C:\Program Files (x86)\NUnit 2.6.3\bin" machine-name="KKHREBTOV-D2" user="kkhrebtov" user-domain="ENKATA" />
  <culture-info current-culture="en-US" current-uiculture="en-US" />
  <test-suite type="Assembly" name="D:\Git\streamers-tests\MailStreamersTest\bin\Release\EmailSender.dll" executed="True" result="Failure" success="False" time="1.011" asserts="0">
    <results>
      <test-suite type="Namespace" name="TestMailStreamers" executed="True" result="Failure" success="False" time="0.993" asserts="0">
        <results>
          <test-suite type="TestFixture" name="ExchangeStreamerTest+TestOutcomingOutlookMessages" executed="True" result="Failure" success="False" time="0.991" asserts="0">
            <results>
              <test-suite type="ParameterizedTest" name="SendMailOutlook_MultipleRecipentsTo" executed="True" result="Failure" success="False" time="0.983" asserts="0">
                <results>
                  <test-case name="TestMailStreamers.ExchangeStreamerTest+TestOutcomingOutlookMessages.SendMailOutlook_MultipleRecipentsTo(&quot;account_3@enkata.com&quot;,&quot;enk.lead1@gmail.com&quot;)" executed="True" result="Error" success="False" time="0.976" asserts="0">
                    <failure>
                      <message><![CDATA[System.Runtime.InteropServices.COMException : Changes made to the item were lost due to a reconnect with the server.]]></message>
                      <stack-trace><![CDATA[at Microsoft.Office.Interop.Outlook._MailItem.Send()
at TestMailStreamers.ExchangeStreamerTest.TestOutcomingOutlookMessages.SendMailOutlook_MultipleRecipentsTo(String fromAddress, String toAddress) in d:\Git\streamers-tests\MailStreamersTest\ExchangeStreamersTest.cs:line 98
]]></stack-trace>
                    </failure>
                  </test-case>
                </results>
              </test-suite>
            </results>
          </test-suite>
        </results>
      </test-suite>
    </results>
  </test-suite>
</test-results>